\BOOKMARK [0][-]{chapter.1}{Preface}{}% 1
\BOOKMARK [1][-]{section.1.1}{Disclaimer}{chapter.1}% 2
\BOOKMARK [1][-]{section.1.2}{Welcome to YAGS}{chapter.1}% 3
\BOOKMARK [1][-]{section.1.3}{Citing YAGS}{chapter.1}% 4
\BOOKMARK [1][-]{section.1.4}{Authors}{chapter.1}% 5
\BOOKMARK [1][-]{section.1.5}{More Information}{chapter.1}% 6
\BOOKMARK [0][-]{chapter.2}{Getting Started}{}% 7
\BOOKMARK [1][-]{section.2.1}{What is YAGS?}{chapter.2}% 8
\BOOKMARK [1][-]{section.2.2}{Installing YAGS for the impatient}{chapter.2}% 9
\BOOKMARK [1][-]{section.2.3}{Installing YAGS with more details}{chapter.2}% 10
\BOOKMARK [1][-]{section.2.4}{A Gentle Tutorial}{chapter.2}% 11
\BOOKMARK [1][-]{section.2.5}{An Overview of the Manual}{chapter.2}% 12
\BOOKMARK [1][-]{section.2.6}{Cheatsheet}{chapter.2}% 13
\BOOKMARK [0][-]{chapter.3}{Cliques}{}% 14
\BOOKMARK [1][-]{section.3.1}{Cliques and Clique Number}{chapter.3}% 15
\BOOKMARK [1][-]{section.3.2}{Clique Graphs}{chapter.3}% 16
\BOOKMARK [1][-]{section.3.3}{Basements, Stars and Neckties}{chapter.3}% 17
\BOOKMARK [1][-]{section.3.4}{Clique Behavior}{chapter.3}% 18
\BOOKMARK [0][-]{chapter.4}{Graph Categories}{}% 19
\BOOKMARK [1][-]{section.4.1}{The Default Graph Category}{chapter.4}% 20
\BOOKMARK [1][-]{section.4.2}{The Target Graph Category}{chapter.4}% 21
\BOOKMARK [1][-]{section.4.3}{Changing the Target Graph Category Temporaryly}{chapter.4}% 22
\BOOKMARK [1][-]{section.4.4}{Digraphs, Tournaments, etc.}{chapter.4}% 23
\BOOKMARK [0][-]{chapter.5}{Morphisms of Graphs}{}% 24
\BOOKMARK [1][-]{section.5.1}{A Quick Start}{chapter.5}% 25
\BOOKMARK [1][-]{section.5.2}{Main Procedures}{chapter.5}% 26
\BOOKMARK [1][-]{section.5.3}{User-Defined Types of Morphisms}{chapter.5}% 27
\BOOKMARK [1][-]{section.5.4}{Predefined Types of Morphisms}{chapter.5}% 28
\BOOKMARK [0][-]{chapter.6}{Backtracking}{}% 29
\BOOKMARK [1][-]{section.6.1}{A Simple Example}{chapter.6}% 30
\BOOKMARK [1][-]{section.6.2}{How Does it Work?}{chapter.6}% 31
\BOOKMARK [1][-]{section.6.3}{Backtracking in Depth}{chapter.6}% 32
\BOOKMARK [0][-]{appendix.A}{YAGS Functions by Topic}{}% 33
\BOOKMARK [1][-]{section.A.1}{Most Common Functions}{appendix.A}% 34
\BOOKMARK [1][-]{section.A.2}{Drawing}{appendix.A}% 35
\BOOKMARK [1][-]{section.A.3}{Constructing Graphs}{appendix.A}% 36
\BOOKMARK [1][-]{section.A.4}{Families of Graphs}{appendix.A}% 37
\BOOKMARK [1][-]{section.A.5}{Small Graphs}{appendix.A}% 38
\BOOKMARK [1][-]{section.A.6}{Attributes and Properties}{appendix.A}% 39
\BOOKMARK [1][-]{section.A.7}{Unary Operators}{appendix.A}% 40
\BOOKMARK [1][-]{section.A.8}{Binary Operators}{appendix.A}% 41
\BOOKMARK [1][-]{section.A.9}{Cliques}{appendix.A}% 42
\BOOKMARK [1][-]{section.A.10}{Morphisms and Isomorphisms}{appendix.A}% 43
\BOOKMARK [1][-]{section.A.11}{Graphs Categories}{appendix.A}% 44
\BOOKMARK [1][-]{section.A.12}{Digraphs}{appendix.A}% 45
\BOOKMARK [1][-]{section.A.13}{Groups and Rings}{appendix.A}% 46
\BOOKMARK [1][-]{section.A.14}{Backtracking}{appendix.A}% 47
\BOOKMARK [1][-]{section.A.15}{Miscellaneous}{appendix.A}% 48
\BOOKMARK [1][-]{section.A.16}{Undocumented}{appendix.A}% 49
\BOOKMARK [0][-]{appendix.B}{YAGS Functions Reference}{}% 50
\BOOKMARK [1][-]{section.B.1}{Primera seccion}{appendix.B}% 51
\BOOKMARK [0][-]{appendix*.4}{References}{}% 52
\BOOKMARK [0][-]{section*.5}{Index}{}% 53
