This is pdfTeX, Version 3.1415926-1.40.10 (TeX Live 2009/Debian) (format=pdftex 2012.8.15)  4 JUL 2014 19:44
entering extended mode
 %&-line parsing enabled.
**manual
(./manual.tex (/usr/share/texmf-texlive/tex/generic/xypic/xy.tex
Bootstrap'ing: catcodes, docmode,
(/usr/share/texmf-texlive/tex/generic/xypic/xyrecat.tex)
(/usr/share/texmf-texlive/tex/generic/xypic/xyidioms.tex
\count@@=\count27
\count@@@=\count28
)

 Xy-pic version 3.7 <1999/02/16>
 Copyright (c) 1991-1998 by Kristoffer H. Rose <krisrose@ens-lyon.fr>
 Xy-pic is free software: see the User's Guide for details.

Loading kernel: messages; fonts; allocations: state,
\X@c=\dimen16
\Y@c=\dimen17
\U@c=\dimen18
\D@c=\dimen19
\L@c=\dimen20
\R@c=\dimen21
\Edge@c=\toks13
\X@p=\dimen22
\Y@p=\dimen23
\U@p=\dimen24
\D@p=\dimen25
\L@p=\dimen26
\R@p=\dimen27
\Edge@p=\toks14
\X@origin=\dimen28
\Y@origin=\dimen29
\X@xbase=\dimen30
\Y@xbase=\dimen31
\X@ybase=\dimen32
\Y@ybase=\dimen33
\X@min=\dimen34
\Y@min=\dimen35
\X@max=\dimen36
\Y@max=\dimen37
\lastobjectbox@=\box16
\zerodotbox@=\box17
\almostz@=\dimen38
 direction,
\d@X=\dimen39
\d@Y=\dimen40
\K@=\count29
\KK@=\count30
\Direction=\count31
\K@dXdY=\dimen41
\K@dYdX=\dimen42
\xyread@=\read1
\xywrite@=\write0
\csp@=\count32
\quotPTK@=\dimen43

utility macros; pictures: \xy, positions,
\swaptoks@@=\toks15
\connectobjectbox@@=\box18
 objects,
\styletoks@=\toks16
 decorations;
kernel objects: directionals, circles, text; options; algorithms: directions,
edges, connections;  Xy-pic loaded)
(/usr/share/texmf-texlive/tex/generic/xypic/xypoly.tex
 Xy-pic option: Polygon feature v.3.7
(/usr/share/texmf-texlive/tex/generic/xypic/xyarrow.tex
 Xy-pic option: Arrow and Path feature v.3.5 path, \ar, loaded) polygons,
\xypolynode@=\count33

loaded) (/usr/share/texmf-texlive/tex/generic/xypic/xyall.tex
 Xy-pic option: All features v.3.3
(/usr/share/texmf-texlive/tex/generic/xypic/xycurve.tex
 Xy-pic option: Curve and Spline extension v.3.7 curve,
\crv@cnt@=\count34
\crvpts@=\toks17
\splinebox@=\box19
\splineval@=\dimen44
\splinedepth@=\dimen45
\splinetol@=\dimen46
\splinelength@=\dimen47
 circles,
\L@=\dimen48
 loaded)
(/usr/share/texmf-texlive/tex/generic/xypic/xyframe.tex
 Xy-pic option: Frame and Bracket extension v.3.7 loaded)
(/usr/share/texmf-texlive/tex/generic/xypic/xycmtip.tex
 Xy-pic option: Computer Modern tip extension v.3.3
(/usr/share/texmf-texlive/tex/generic/xypic/xytips.tex
 Xy-pic option: More Tips extension v.3.3 loaded) loaded)
(/usr/share/texmf-texlive/tex/generic/xypic/xyline.tex
 Xy-pic option: Line styles extension v.3.6
\xylinethick@=\dimen49
 loaded)
(/usr/share/texmf-texlive/tex/generic/xypic/xyrotate.tex
 Xy-pic option: Rotate and Scale extension v.3.3 loaded)
(/usr/share/texmf-texlive/tex/generic/xypic/xycolor.tex
 Xy-pic option: Colour extension v.3.3 loaded)
(/usr/share/texmf-texlive/tex/generic/xypic/xymatrix.tex
 Xy-pic option: Matrix feature v.3.4
\Row=\count35
\Col=\count36
\queue@=\toks18
\queue@@=\toks19
\qcount@=\count37
\qcount@@=\count38
\matrixsize@=\count39
 loaded)
(/usr/share/texmf-texlive/tex/generic/xypic/xygraph.tex
 Xy-pic option: Graph feature v.3.7 loaded) loaded)
(/usr/share/texmf-texlive/tex/generic/pst-tree/pst-tree.tex
(/usr/share/texmf-texlive/tex/generic/pstricks/pst-node.tex  v1.01, 2008/11/26
(/usr/share/texmf-texlive/tex/generic/pstricks/pstricks.tex
\@unused=\write1

we are running tex and have to define some LaTeX commands ...
`PSTricks' v1.29  <2009/05/19> (tvz)
\pst@dima=\dimen50
\pst@dimb=\dimen51
\pst@dimc=\dimen52
\pst@dimd=\dimen53
\pst@dimg=\dimen54
\pst@dimh=\dimen55
\pst@hbox=\box20
\pst@boxg=\box21
\pst@cnta=\count40
\pst@cntb=\count41
\pst@cntc=\count42
\pst@cntd=\count43
\pst@cntg=\count44
\pst@cnth=\count45
\pst@toks=\toks20
(/usr/share/texmf-texlive/tex/generic/pstricks/pstricks.con)
\psunit=\dimen56
\psxunit=\dimen57
\psyunit=\dimen58
\pslinewidth=\dimen59
\pst@customdefs=\toks21
\pslinearc=\dimen60
\everypsbox=\toks22
\psframesep=\dimen61
\pslabelsep=\dimen62
\pst@shift=\dimen63
\theoverlaybox=\box22
)
\psrow=\count46
\pscol=\count47
\psmatrixcnt=\count48
\psrowsep=\skip18
\pscolsep=\skip19
)
(/usr/share/texmf-texlive/tex/generic/xkeyval/pst-xkey.tex
2005/11/25 v1.6 PSTricks specialization of xkeyval (HA)
(/usr/share/texmf-texlive/tex/generic/xkeyval/xkeyval.tex
\XKV@toks=\toks23
\XKV@tempa@toks=\toks24
\XKV@depth=\count49

2008/08/13 v2.6a key=value parser (HA)
(/usr/share/texmf-texlive/tex/generic/xkeyval/xkvtxhdr.tex
2005/02/22 v1.1 xkeyval TeX header (HA))
(/usr/share/texmf-texlive/tex/generic/xkeyval/keyval.tex)))
 v1.11, 2009/09/17(tvz,dg,hv)
\pstree@rootbox=\box23
\pstree@box=\box24
\psnodecnt=\count50
\pstreelevel=\count51
\pstreecnt=\count52
\pstree@cnt=\count53
\@auxout=\write2
\pstree@stop=\count54
)
(/usr/share/texmf-texlive/tex/generic/pstricks/pst-node.tex  v1.01, 2008/11/26)
(/usr/share/texmf-texlive/tex/amstex/base/amstex.tex

AmS-TeX- Version 2.2

Loading definitions for misc utility macros, page layout, accents/punctuation,
line and page breaks, figures, comments, math spacing, fractions,
smash commands, large operator symbols, integrals, operator names,
multilevel sub/superscripts, matrices, multiline displays,
continued fractions, compound symbols, various kinds of dots,
special superscripts, \text, math font commands, \newsymbol,
bold Greek and bold symbols, Euler fonts, math accents, roots,
commutative diagrams, poor man's bold, syntax check, ... finished)
(../../../doc/gapmacro.tex
(/usr/share/texmf-texlive/tex/plain/amsfonts/amssym.tex)
Running PDFTeX
) [1
Non-PDF special ignored!
Non-PDF special ignored!
Non-PDF special ignored!
Non-PDF special ignored!{/var/lib/texmf/fonts/map/pdftex/updmap/pdftex.map}]
\makelabel{yags:Contents}{{\setbox 0=\hbox {1}\vrule width 0pt height\ht 0}}
Chapter `Contents' .
(./manual.toc) [2.1
\chapcontents {\tocstrut }{Contents}{2}
] (./manual.lab)
\openout7 = `manual.toc'.

\openout4 = `manual.lab'.

\openout5 = `manual.idx'.

\openout6 = `manual.six'.

\openout8 = `manual.aux'.

 (./basics.tex
Chapter `Basics' .
[3.1] <xymatrix 2x2 120> <xymatrix 2x1 126> <xymatrix 2x1 44> <xymatrix 1x1
64> <xymatrix 2x1 160> <xymatrix 3x2 234> <xymatrix 3x2 176> <xymatrix 3x2
152> <xymatrix 3x2 94> [4.1] <xymatrix 3x2 94> [5.1
Non-PDF special ignored!
Non-PDF special ignored!
Non-PDF special ignored!
Non-PDF special ignored!
Non-PDF special ignored!
Non-PDF special ignored!
Non-PDF special ignored!
Non-PDF special ignored!
Non-PDF special ignored!
Non-PDF special ignored!] <xymatrix 2x2 120> [6.1] <xymatrix 2x2 120>
<xymatrix 2x2 154> [7.1]) (./categories.tex [8.1]
Chapter `Categories' .
<xymatrix 2x2 198> <xymatrix 2x2 178> <xymatrix 3x2 234> <xymatrix 4x3 284>
<xymatrix 1x1 64> <xymatrix 3x2 176> <xymatrix 2x1 126> <xymatrix 2x1 44>
<xymatrix 3x2 316> <xymatrix 3x2 154> [9.2] <xymatrix 3x2 128> <xymatrix 4x3
284> <xymatrix 3x2 128> <xymatrix 3x2 128> [10.2
Non-PDF special ignored!
Non-PDF special ignored!
Non-PDF special ignored!
Non-PDF special ignored!
Non-PDF special ignored!
Non-PDF special ignored!
Non-PDF special ignored!
Non-PDF special ignored!
Non-PDF special ignored!
Non-PDF special ignored!] <xymatrix 2x2 270> <xymatrix 3x2 128>)
(./constructing.tex [11.2]
Chapter `Constructing graphs' .
[12.3] [13.3] [14.3] [15.3] <xymatrix 2x2 18> <xymatrix 2x2 222> <xymatrix 4x1
120> [16.3] <xymatrix 3x2 482> [17.3] [18.3] [19.3] [20.3] [21.3] [22.3]
<xymatrix 2x2 154> <xymatrix 2x2 86> <xymatrix 1x2 44> <xymatrix 1x2 44>
<xymatrix 2x2 154> [23.3] <xymatrix 1x2 44> <xymatrix 1x2 44> <xymatrix 2x2
86> <xymatrix 1x2 44> <xymatrix 1x2 44> <xymatrix 2x2 222> [24.3] <xymatrix
2x2 116> <xymatrix 1x2 44> <xymatrix 2x2 116> <xymatrix 1x2 44> <xymatrix 2x2
116> <xymatrix 1x2 44> <xymatrix 3x2 390> [25.3]) (./inspecting.tex [26.3]
Chapter `Inspecting Graphs' .

Overfull \hbox (30.89871pt too wide) in paragraph at lines 45--51
\tenrm Return the list of names of the ver-tices of a graph \tenit G\tenrm . Th
e ver-tices of a graph in \sf YAGS\tenrm are al-ways $\tensy f\tenrm 1\teni ; \
tenrm 2\teni ; []  ; \tenit Order\tenrm (\tenit G\tenrm )\tensy g$\tenrm ,|

\hbox(7.5+2.5)x468.0, glue set - 1.0
.\tenrm R
.\tenrm e
.\tenrm t
.\tenrm u
.\tenrm r
.etc.

[27.4] [28.4] [29.4] [30.4] [31.4]) (./morphisms.tex [32.4]
Chapter `Morphisms of Graphs' .
[33.5]) (./other.tex [34.5]
Chapter `Other Functions' .
[35.6] [36.6] [37.6] [38.6] [39.6] [40.6] [41.6] [42.6] [43.6] [44.6] [45.6]
[46.6] [47.6] [48.6] [49.6] [50.6] [51.6] [52.6] <xymatrix 2x2 270> <xymatrix
3x2 128> [53.6] [54.6]
Overfull \hbox (30.89871pt too wide) in paragraph at lines 1551--1557
\tenrm Return the list of names of the ver-tices of a graph \tenit G\tenrm . Th
e ver-tices of a graph in \sf YAGS\tenrm are al-ways $\tensy f\tenrm 1\teni ; \
tenrm 2\teni ; []  ; \tenit Order\tenrm (\tenit G\tenrm )\tensy g$\tenrm ,|

\hbox(7.5+2.5)x468.0, glue set - 1.0
.\tenrm R
.\tenrm e
.\tenrm t
.\tenrm u
.\tenrm r
.etc.

[55.6]) [56.6]
Chapter `Bibliography' .
No file manual.bbl.
[57.7]
Chapter `Index' .
(./manual.ind [58.8] [59.8]) [60.8]
##
## Citations for BibTeX written on manual.aux.
## Index entries for makeindex written on manual.idx.
## Section index entries written on manual.six.
## Label definitions written on manual.lab.
## Table of contents written on manual.toc.
## Labels have changed, run again. (Or they were multiply defined.)
##
 )</usr/share/texmf-texlive/fonts/type1/public/amsfonts/cm/cmbx10.pfb></usr/sha
re/texmf-texlive/fonts/type1/public/amsfonts/cm/cmex10.pfb></usr/share/texmf-te
xlive/fonts/type1/public/amsfonts/cm/cminch.pfb></usr/share/texmf-texlive/fonts
/type1/public/amsfonts/cm/cmmi10.pfb></usr/share/texmf-texlive/fonts/type1/publ
ic/amsfonts/cm/cmr10.pfb></usr/share/texmf-texlive/fonts/type1/public/amsfonts/
cm/cmr7.pfb></usr/share/texmf-texlive/fonts/type1/public/amsfonts/cm/cmr8.pfb><
/usr/share/texmf-texlive/fonts/type1/public/amsfonts/cm/cmss10.pfb></usr/share/
texmf-texlive/fonts/type1/public/amsfonts/cm/cmssdc10.pfb></usr/share/texmf-tex
live/fonts/type1/public/amsfonts/cm/cmsy10.pfb></usr/share/texmf-texlive/fonts/
type1/public/amsfonts/cm/cmsy7.pfb></usr/share/texmf-texlive/fonts/type1/public
/amsfonts/cm/cmti10.pfb></usr/share/texmf-texlive/fonts/type1/public/amsfonts/c
m/cmtt10.pfb></usr/share/texmf-texlive/fonts/type1/public/amsfonts/symbols/msam
10.pfb></usr/share/texmf-texlive/fonts/type1/public/amsfonts/symbols/msam7.pfb>
</usr/share/texmf-texlive/fonts/type1/public/amsfonts/symbols/msbm10.pfb></usr/
share/texmf-texlive/fonts/type1/public/xypic/xyatip10.pfb></usr/share/texmf-tex
live/fonts/type1/public/xypic/xybtip10.pfb></usr/share/texmf-texlive/fonts/type
1/public/xypic/xydash10.pfb>
Output written on manual.pdf (60 pages, 383568 bytes).
PDF statistics:
 481 PDF objects out of 1000 (max. 8388607)
 49 named destinations out of 1000 (max. 500000)
 393 words of extra memory for PDF output out of 10000 (max. 10000000)

